# JRE version: OpenJDK Runtime Environment (11.0.11+9) (build 11.0.11+9-b60-7590822)
# Java VM: OpenJDK 64-Bit Server VM (11.0.11+9-b60-7590822, mixed mode, tiered, compressed oops, g1 gc, windows-amd64)
Heap:
 garbage-first heap   total 359424K, used 213810K [0x0000000080000000, 0x0000000100000000)
  region size 1024K, 12 young (12288K), 11 survivors (11264K)
 Metaspace       used 116111K, capacity 118978K, committed 119500K, reserved 1157120K
  class space    used 14600K, capacity 15706K, committed 15872K, reserved 1048576K
GC Heap History (20 events):
Event: 31.412 GC heap before
{Heap before GC invocations=41 (full 0):
 garbage-first heap   total 248832K, used 135422K [0x0000000080000000, 0x0000000100000000)
  region size 1024K, 12 young (12288K), 5 survivors (5120K)
 Metaspace       used 98308K, capacity 100579K, committed 100812K, reserved 1136640K
  class space    used 12165K, capacity 12986K, committed 13056K, reserved 1048576K
}
Event: 31.420 GC heap after
{Heap after GC invocations=42 (full 0):
 garbage-first heap   total 248832K, used 101475K [0x0000000080000000, 0x0000000100000000)
  region size 1024K, 1 young (1024K), 1 survivors (1024K)
 Metaspace       used 98308K, capacity 100579K, committed 100812K, reserved 1136640K
  class space    used 12165K, capacity 12986K, committed 13056K, reserved 1048576K
}
Event: 32.169 GC heap before
{Heap before GC invocations=42 (full 0):
 garbage-first heap   total 248832K, used 171107K [0x0000000080000000, 0x0000000100000000)
  region size 1024K, 70 young (71680K), 1 survivors (1024K)
 Metaspace       used 99816K, capacity 102041K, committed 102220K, reserved 1138688K
  class space    used 12319K, capacity 13121K, committed 13184K, reserved 1048576K
}
Event: 32.180 GC heap after
{Heap after GC invocations=43 (full 0):
 garbage-first heap   total 248832K, used 105897K [0x0000000080000000, 0x0000000100000000)
  region size 1024K, 6 young (6144K), 6 survivors (6144K)
 Metaspace       used 99816K, capacity 102041K, committed 102220K, reserved 1138688K
  class space    used 12319K, capacity 13121K, committed 13184K, reserved 1048576K
}
Event: 33.366 GC heap before
{Heap before GC invocations=43 (full 0):
 garbage-first heap   total 248832K, used 182697K [0x0000000080000000, 0x0000000100000000)
  region size 1024K, 82 young (83968K), 6 survivors (6144K)
 Metaspace       used 102084K, capacity 104474K, committed 104652K, reserved 1140736K
  class space    used 12560K, capacity 13436K, committed 13568K, reserved 1048576K
}
Event: 33.379 GC heap after
{Heap after GC invocations=44 (full 0):
 garbage-first heap   total 299008K, used 107810K [0x0000000080000000, 0x0000000100000000)
  region size 1024K, 7 young (7168K), 7 survivors (7168K)
 Metaspace       used 102084K, capacity 104474K, committed 104652K, reserved 1140736K
  class space    used 12560K, capacity 13436K, committed 13568K, reserved 1048576K
}
Event: 34.854 GC heap before
{Heap before GC invocations=44 (full 0):
 garbage-first heap   total 299008K, used 228642K [0x0000000080000000, 0x0000000100000000)
  region size 1024K, 126 young (129024K), 7 survivors (7168K)
 Metaspace       used 105246K, capacity 107548K, committed 107724K, reserved 1142784K
  class space    used 12951K, capacity 13796K, committed 13824K, reserved 1048576K
}
Event: 34.873 GC heap after
{Heap after GC invocations=45 (full 0):
 garbage-first heap   total 299008K, used 113876K [0x0000000080000000, 0x0000000100000000)
  region size 1024K, 13 young (13312K), 13 survivors (13312K)
 Metaspace       used 105246K, capacity 107548K, committed 107724K, reserved 1142784K
  class space    used 12951K, capacity 13796K, committed 13824K, reserved 1048576K
}
Event: 35.594 GC heap before
{Heap before GC invocations=45 (full 0):
 garbage-first heap   total 299008K, used 238804K [0x0000000080000000, 0x0000000100000000)
  region size 1024K, 126 young (129024K), 13 survivors (13312K)
 Metaspace       used 105727K, capacity 108136K, committed 108364K, reserved 1144832K
  class space    used 13004K, capacity 13841K, committed 13952K, reserved 1048576K
}
Event: 35.615 GC heap after
{Heap after GC invocations=46 (full 0):
 garbage-first heap   total 299008K, used 120832K [0x0000000080000000, 0x0000000100000000)
  region size 1024K, 11 young (11264K), 11 survivors (11264K)
 Metaspace       used 105727K, capacity 108136K, committed 108364K, reserved 1144832K
  class space    used 13004K, capacity 13841K, committed 13952K, reserved 1048576K
}
Event: 35.952 GC heap before
{Heap before GC invocations=46 (full 0):
 garbage-first heap   total 299008K, used 236543K [0x0000000080000000, 0x0000000100000000)
  region size 1024K, 125 young (128000K), 11 survivors (11264K)
 Metaspace       used 106661K, capacity 109136K, committed 109260K, reserved 1144832K
  class space    used 13132K, capacity 14047K, committed 14080K, reserved 1048576K
}
Event: 35.972 GC heap after
{Heap after GC invocations=47 (full 0):
 garbage-first heap   total 299008K, used 139503K [0x0000000080000000, 0x0000000100000000)
  region size 1024K, 16 young (16384K), 16 survivors (16384K)
 Metaspace       used 106661K, capacity 109136K, committed 109260K, reserved 1144832K
  class space    used 13132K, capacity 14047K, committed 14080K, reserved 1048576K
}
Event: 36.455 GC heap before
{Heap before GC invocations=47 (full 0):
 garbage-first heap   total 299008K, used 231663K [0x0000000080000000, 0x0000000100000000)
  region size 1024K, 107 young (109568K), 16 survivors (16384K)
 Metaspace       used 109801K, capacity 112453K, committed 112716K, reserved 1146880K
  class space    used 13628K, capacity 14622K, committed 14720K, reserved 1048576K
}
Event: 36.471 GC heap after
{Heap after GC invocations=48 (full 0):
 garbage-first heap   total 299008K, used 144918K [0x0000000080000000, 0x0000000100000000)
  region size 1024K, 11 young (11264K), 11 survivors (11264K)
 Metaspace       used 109801K, capacity 112453K, committed 112716K, reserved 1146880K
  class space    used 13628K, capacity 14622K, committed 14720K, reserved 1048576K
}
Event: 36.773 GC heap before
{Heap before GC invocations=48 (full 0):
 garbage-first heap   total 299008K, used 234006K [0x0000000080000000, 0x0000000100000000)
  region size 1024K, 99 young (101376K), 11 survivors (11264K)
 Metaspace       used 111112K, capacity 113798K, committed 113868K, reserved 1148928K
  class space    used 13808K, capacity 14816K, committed 14848K, reserved 1048576K
}
Event: 36.823 GC heap after
{Heap after GC invocations=49 (full 0):
 garbage-first heap   total 359424K, used 163312K [0x0000000080000000, 0x0000000100000000)
  region size 1024K, 13 young (13312K), 13 survivors (13312K)
 Metaspace       used 111112K, capacity 113798K, committed 113868K, reserved 1148928K
  class space    used 13808K, capacity 14816K, committed 14848K, reserved 1048576K
}
Event: 37.408 GC heap before
{Heap before GC invocations=49 (full 0):
 garbage-first heap   total 359424K, used 267760K [0x0000000080000000, 0x0000000100000000)
  region size 1024K, 116 young (118784K), 13 survivors (13312K)
 Metaspace       used 112612K, capacity 115417K, committed 115532K, reserved 1148928K
  class space    used 14017K, capacity 15118K, committed 15232K, reserved 1048576K
}
Event: 37.458 GC heap after
{Heap after GC invocations=50 (full 0):
 garbage-first heap   total 359424K, used 184320K [0x0000000080000000, 0x0000000100000000)
  region size 1024K, 15 young (15360K), 15 survivors (15360K)
 Metaspace       used 112612K, capacity 115417K, committed 115532K, reserved 1148928K
  class space    used 14017K, capacity 15118K, committed 15232K, reserved 1048576K
}
Event: 37.793 GC heap before
{Heap before GC invocations=50 (full 0):
 garbage-first heap   total 359424K, used 279552K [0x0000000080000000, 0x0000000100000000)
  region size 1024K, 108 young (110592K), 15 survivors (15360K)
 Metaspace       used 113615K, capacity 116508K, committed 116684K, reserved 1150976K
  class space    used 14215K, capacity 15334K, committed 15360K, reserved 1048576K
}
Event: 37.846 GC heap after
{Heap after GC invocations=51 (full 0):
 garbage-first heap   total 359424K, used 201116K [0x0000000080000000, 0x0000000100000000)
  region size 1024K, 14 young (14336K), 14 survivors (14336K)
 Metaspace       used 113615K, capacity 116508K, committed 116684K, reserved 1150976K
  class space    used 14215K, capacity 15334K, committed 15360K, reserved 1048576K
}

