# JRE version: OpenJDK Runtime Environment (11.0.11+9) (build 11.0.11+9-b60-7590822)
# Java VM: OpenJDK 64-Bit Server VM (11.0.11+9-b60-7590822, mixed mode, tiered, compressed oops, g1 gc, windows-amd64)
Heap:
 garbage-first heap   total 143360K, used 115291K [0x00000000c0000000, 0x0000000100000000)
  region size 1024K, 5 young (5120K), 1 survivors (1024K)
 Metaspace       used 89113K, capacity 91406K, committed 91696K, reserved 1128448K
  class space    used 11356K, capacity 12122K, committed 12160K, reserved 1048576K
GC Heap History (20 events):
Event: 19.690 GC heap before
{Heap before GC invocations=49 (full 0):
 garbage-first heap   total 143360K, used 114865K [0x00000000c0000000, 0x0000000100000000)
  region size 1024K, 31 young (31744K), 3 survivors (3072K)
 Metaspace       used 78272K, capacity 80459K, committed 80688K, reserved 1120256K
  class space    used 10123K, capacity 10880K, committed 10880K, reserved 1048576K
}
Event: 19.699 GC heap after
{Heap after GC invocations=50 (full 0):
 garbage-first heap   total 143360K, used 88052K [0x00000000c0000000, 0x0000000100000000)
  region size 1024K, 2 young (2048K), 2 survivors (2048K)
 Metaspace       used 78272K, capacity 80459K, committed 80688K, reserved 1120256K
  class space    used 10123K, capacity 10880K, committed 10880K, reserved 1048576K
}
Event: 20.065 GC heap before
{Heap before GC invocations=51 (full 0):
 garbage-first heap   total 143360K, used 116724K [0x00000000c0000000, 0x0000000100000000)
  region size 1024K, 30 young (30720K), 2 survivors (2048K)
 Metaspace       used 79320K, capacity 81428K, committed 81584K, reserved 1120256K
  class space    used 10248K, capacity 10989K, committed 11008K, reserved 1048576K
}
Event: 20.071 GC heap after
{Heap after GC invocations=52 (full 0):
 garbage-first heap   total 143360K, used 89881K [0x00000000c0000000, 0x0000000100000000)
  region size 1024K, 4 young (4096K), 4 survivors (4096K)
 Metaspace       used 79320K, capacity 81428K, committed 81584K, reserved 1120256K
  class space    used 10248K, capacity 10989K, committed 11008K, reserved 1048576K
}
Event: 20.365 GC heap before
{Heap before GC invocations=52 (full 0):
 garbage-first heap   total 143360K, used 117529K [0x00000000c0000000, 0x0000000100000000)
  region size 1024K, 31 young (31744K), 4 survivors (4096K)
 Metaspace       used 80415K, capacity 82562K, committed 82864K, reserved 1120256K
  class space    used 10432K, capacity 11176K, committed 11264K, reserved 1048576K
}
Event: 20.373 GC heap after
{Heap after GC invocations=53 (full 0):
 garbage-first heap   total 143360K, used 91483K [0x00000000c0000000, 0x0000000100000000)
  region size 1024K, 4 young (4096K), 4 survivors (4096K)
 Metaspace       used 80415K, capacity 82562K, committed 82864K, reserved 1120256K
  class space    used 10432K, capacity 11176K, committed 11264K, reserved 1048576K
}
Event: 20.535 GC heap before
{Heap before GC invocations=54 (full 0):
 garbage-first heap   total 143360K, used 95579K [0x00000000c0000000, 0x0000000100000000)
  region size 1024K, 9 young (9216K), 4 survivors (4096K)
 Metaspace       used 81125K, capacity 83333K, committed 83504K, reserved 1122304K
  class space    used 10518K, capacity 11305K, committed 11392K, reserved 1048576K
}
Event: 20.543 GC heap after
{Heap after GC invocations=55 (full 0):
 garbage-first heap   total 143360K, used 91835K [0x00000000c0000000, 0x0000000100000000)
  region size 1024K, 2 young (2048K), 2 survivors (2048K)
 Metaspace       used 81125K, capacity 83333K, committed 83504K, reserved 1122304K
  class space    used 10518K, capacity 11305K, committed 11392K, reserved 1048576K
}
Event: 21.028 GC heap before
{Heap before GC invocations=56 (full 0):
 garbage-first heap   total 143360K, used 125627K [0x00000000c0000000, 0x0000000100000000)
  region size 1024K, 27 young (27648K), 2 survivors (2048K)
 Metaspace       used 83117K, capacity 85378K, committed 85680K, reserved 1124352K
  class space    used 10704K, capacity 11468K, committed 11520K, reserved 1048576K
}
Event: 21.036 GC heap after
{Heap after GC invocations=57 (full 0):
 garbage-first heap   total 143360K, used 107175K [0x00000000c0000000, 0x0000000100000000)
  region size 1024K, 4 young (4096K), 4 survivors (4096K)
 Metaspace       used 83117K, capacity 85378K, committed 85680K, reserved 1124352K
  class space    used 10704K, capacity 11468K, committed 11520K, reserved 1048576K
}
Event: 21.503 GC heap before
{Heap before GC invocations=57 (full 0):
 garbage-first heap   total 143360K, used 122535K [0x00000000c0000000, 0x0000000100000000)
  region size 1024K, 19 young (19456K), 4 survivors (4096K)
 Metaspace       used 83715K, capacity 85954K, committed 86192K, reserved 1124352K
  class space    used 10743K, capacity 11485K, committed 11520K, reserved 1048576K
}
Event: 21.510 GC heap after
{Heap after GC invocations=58 (full 0):
 garbage-first heap   total 143360K, used 108519K [0x00000000c0000000, 0x0000000100000000)
  region size 1024K, 2 young (2048K), 2 survivors (2048K)
 Metaspace       used 83715K, capacity 85954K, committed 86192K, reserved 1124352K
  class space    used 10743K, capacity 11485K, committed 11520K, reserved 1048576K
}
Event: 21.871 GC heap before
{Heap before GC invocations=59 (full 0):
 garbage-first heap   total 143360K, used 122855K [0x00000000c0000000, 0x0000000100000000)
  region size 1024K, 16 young (16384K), 2 survivors (2048K)
 Metaspace       used 85387K, capacity 87693K, committed 87728K, reserved 1126400K
  class space    used 10974K, capacity 11761K, committed 11776K, reserved 1048576K
}
Event: 21.874 GC heap after
{Heap after GC invocations=60 (full 0):
 garbage-first heap   total 143360K, used 109226K [0x00000000c0000000, 0x0000000100000000)
  region size 1024K, 1 young (1024K), 1 survivors (1024K)
 Metaspace       used 85387K, capacity 87693K, committed 87728K, reserved 1126400K
  class space    used 10974K, capacity 11761K, committed 11776K, reserved 1048576K
}
Event: 22.104 GC heap before
{Heap before GC invocations=60 (full 0):
 garbage-first heap   total 143360K, used 123562K [0x00000000c0000000, 0x0000000100000000)
  region size 1024K, 15 young (15360K), 1 survivors (1024K)
 Metaspace       used 86084K, capacity 88267K, committed 88368K, reserved 1126400K
  class space    used 11072K, capacity 11844K, committed 11904K, reserved 1048576K
}
Event: 22.109 GC heap after
{Heap after GC invocations=61 (full 0):
 garbage-first heap   total 143360K, used 110330K [0x00000000c0000000, 0x0000000100000000)
  region size 1024K, 2 young (2048K), 2 survivors (2048K)
 Metaspace       used 86084K, capacity 88267K, committed 88368K, reserved 1126400K
  class space    used 11072K, capacity 11844K, committed 11904K, reserved 1048576K
}
Event: 22.375 GC heap before
{Heap before GC invocations=62 (full 0):
 garbage-first heap   total 143360K, used 123642K [0x00000000c0000000, 0x0000000100000000)
  region size 1024K, 15 young (15360K), 2 survivors (2048K)
 Metaspace       used 87303K, capacity 89486K, committed 89776K, reserved 1126400K
  class space    used 11232K, capacity 11994K, committed 12032K, reserved 1048576K
}
Event: 22.380 GC heap after
{Heap after GC invocations=63 (full 0):
 garbage-first heap   total 143360K, used 110705K [0x00000000c0000000, 0x0000000100000000)
  region size 1024K, 1 young (1024K), 1 survivors (1024K)
 Metaspace       used 87303K, capacity 89486K, committed 89776K, reserved 1126400K
  class space    used 11232K, capacity 11994K, committed 12032K, reserved 1048576K
}
Event: 22.510 GC heap before
{Heap before GC invocations=63 (full 0):
 garbage-first heap   total 143360K, used 114801K [0x00000000c0000000, 0x0000000100000000)
  region size 1024K, 7 young (7168K), 1 survivors (1024K)
 Metaspace       used 88116K, capacity 90350K, committed 90672K, reserved 1128448K
  class space    used 11322K, capacity 12090K, committed 12160K, reserved 1048576K
}
Event: 22.513 GC heap after
{Heap after GC invocations=64 (full 0):
 garbage-first heap   total 143360K, used 111195K [0x00000000c0000000, 0x0000000100000000)
  region size 1024K, 1 young (1024K), 1 survivors (1024K)
 Metaspace       used 88116K, capacity 90350K, committed 90672K, reserved 1128448K
  class space    used 11322K, capacity 12090K, committed 12160K, reserved 1048576K
}

