# JRE version: OpenJDK Runtime Environment (11.0.11+9) (build 11.0.11+9-b60-7590822)
# Java VM: OpenJDK 64-Bit Server VM (11.0.11+9-b60-7590822, mixed mode, tiered, compressed oops, g1 gc, windows-amd64)
Heap:
 garbage-first heap   total 98304K, used 70682K [0x0000000080000000, 0x0000000100000000)
  region size 1024K, 4 young (4096K), 3 survivors (3072K)
 Metaspace       used 81598K, capacity 83507K, committed 83788K, reserved 1122304K
  class space    used 10517K, capacity 11231K, committed 11340K, reserved 1048576K
GC Heap History (20 events):
Event: 25.513 GC heap before
{Heap before GC invocations=20 (full 0):
 garbage-first heap   total 98304K, used 80171K [0x0000000080000000, 0x0000000100000000)
  region size 1024K, 29 young (29696K), 3 survivors (3072K)
 Metaspace       used 65834K, capacity 67390K, committed 67660K, reserved 1107968K
  class space    used 8337K, capacity 8928K, committed 9036K, reserved 1048576K
}
Event: 25.518 GC heap after
{Heap after GC invocations=21 (full 0):
 garbage-first heap   total 98304K, used 54184K [0x0000000080000000, 0x0000000100000000)
  region size 1024K, 4 young (4096K), 4 survivors (4096K)
 Metaspace       used 65834K, capacity 67390K, committed 67660K, reserved 1107968K
  class space    used 8337K, capacity 8928K, committed 9036K, reserved 1048576K
}
Event: 25.960 GC heap before
{Heap before GC invocations=21 (full 0):
 garbage-first heap   total 98304K, used 79784K [0x0000000080000000, 0x0000000100000000)
  region size 1024K, 29 young (29696K), 4 survivors (4096K)
 Metaspace       used 65938K, capacity 67634K, committed 67916K, reserved 1107968K
  class space    used 8350K, capacity 8966K, committed 9036K, reserved 1048576K
}
Event: 25.967 GC heap after
{Heap after GC invocations=22 (full 0):
 garbage-first heap   total 98304K, used 56256K [0x0000000080000000, 0x0000000100000000)
  region size 1024K, 3 young (3072K), 3 survivors (3072K)
 Metaspace       used 65938K, capacity 67634K, committed 67916K, reserved 1107968K
  class space    used 8350K, capacity 8966K, committed 9036K, reserved 1048576K
}
Event: 27.310 GC heap before
{Heap before GC invocations=23 (full 0):
 garbage-first heap   total 98304K, used 79808K [0x0000000080000000, 0x0000000100000000)
  region size 1024K, 27 young (27648K), 3 survivors (3072K)
 Metaspace       used 68911K, capacity 70569K, committed 70604K, reserved 1110016K
  class space    used 8792K, capacity 9390K, committed 9420K, reserved 1048576K
}
Event: 27.314 GC heap after
{Heap after GC invocations=24 (full 0):
 garbage-first heap   total 98304K, used 57398K [0x0000000080000000, 0x0000000100000000)
  region size 1024K, 4 young (4096K), 4 survivors (4096K)
 Metaspace       used 68911K, capacity 70569K, committed 70604K, reserved 1110016K
  class space    used 8792K, capacity 9390K, committed 9420K, reserved 1048576K
}
Event: 28.678 GC heap before
{Heap before GC invocations=24 (full 0):
 garbage-first heap   total 98304K, used 80950K [0x0000000080000000, 0x0000000100000000)
  region size 1024K, 28 young (28672K), 4 survivors (4096K)
 Metaspace       used 71686K, capacity 73350K, committed 73420K, reserved 1112064K
  class space    used 9248K, capacity 9864K, committed 9932K, reserved 1048576K
}
Event: 28.689 GC heap after
{Heap after GC invocations=25 (full 0):
 garbage-first heap   total 98304K, used 59329K [0x0000000080000000, 0x0000000100000000)
  region size 1024K, 4 young (4096K), 4 survivors (4096K)
 Metaspace       used 71686K, capacity 73350K, committed 73420K, reserved 1112064K
  class space    used 9248K, capacity 9864K, committed 9932K, reserved 1048576K
}
Event: 29.196 GC heap before
{Heap before GC invocations=26 (full 0):
 garbage-first heap   total 98304K, used 81857K [0x0000000080000000, 0x0000000100000000)
  region size 1024K, 26 young (26624K), 4 survivors (4096K)
 Metaspace       used 72177K, capacity 73870K, committed 73932K, reserved 1114112K
  class space    used 9315K, capacity 9908K, committed 9932K, reserved 1048576K
}
Event: 29.204 GC heap after
{Heap after GC invocations=27 (full 0):
 garbage-first heap   total 98304K, used 60875K [0x0000000080000000, 0x0000000100000000)
  region size 1024K, 4 young (4096K), 4 survivors (4096K)
 Metaspace       used 72177K, capacity 73870K, committed 73932K, reserved 1114112K
  class space    used 9315K, capacity 9908K, committed 9932K, reserved 1048576K
}
Event: 29.979 GC heap before
{Heap before GC invocations=27 (full 0):
 garbage-first heap   total 98304K, used 82379K [0x0000000080000000, 0x0000000100000000)
  region size 1024K, 25 young (25600K), 4 survivors (4096K)
 Metaspace       used 73072K, capacity 74779K, committed 74956K, reserved 1114112K
  class space    used 9454K, capacity 10078K, committed 10188K, reserved 1048576K
}
Event: 29.987 GC heap after
{Heap after GC invocations=28 (full 0):
 garbage-first heap   total 98304K, used 62615K [0x0000000080000000, 0x0000000100000000)
  region size 1024K, 4 young (4096K), 4 survivors (4096K)
 Metaspace       used 73072K, capacity 74779K, committed 74956K, reserved 1114112K
  class space    used 9454K, capacity 10078K, committed 10188K, reserved 1048576K
}
Event: 30.832 GC heap before
{Heap before GC invocations=29 (full 0):
 garbage-first heap   total 98304K, used 82071K [0x0000000080000000, 0x0000000100000000)
  region size 1024K, 23 young (23552K), 4 survivors (4096K)
 Metaspace       used 74725K, capacity 76421K, committed 76748K, reserved 1116160K
  class space    used 9694K, capacity 10322K, committed 10444K, reserved 1048576K
}
Event: 30.839 GC heap after
{Heap after GC invocations=30 (full 0):
 garbage-first heap   total 98304K, used 63574K [0x0000000080000000, 0x0000000100000000)
  region size 1024K, 3 young (3072K), 3 survivors (3072K)
 Metaspace       used 74725K, capacity 76421K, committed 76748K, reserved 1116160K
  class space    used 9694K, capacity 10322K, committed 10444K, reserved 1048576K
}
Event: 31.734 GC heap before
{Heap before GC invocations=30 (full 0):
 garbage-first heap   total 98304K, used 83030K [0x0000000080000000, 0x0000000100000000)
  region size 1024K, 22 young (22528K), 3 survivors (3072K)
 Metaspace       used 76636K, capacity 78428K, committed 78540K, reserved 1118208K
  class space    used 9996K, capacity 10660K, committed 10700K, reserved 1048576K
}
Event: 31.741 GC heap after
{Heap after GC invocations=31 (full 0):
 garbage-first heap   total 98304K, used 64409K [0x0000000080000000, 0x0000000100000000)
  region size 1024K, 2 young (2048K), 2 survivors (2048K)
 Metaspace       used 76636K, capacity 78428K, committed 78540K, reserved 1118208K
  class space    used 9996K, capacity 10660K, committed 10700K, reserved 1048576K
}
Event: 32.620 GC heap before
{Heap before GC invocations=32 (full 0):
 garbage-first heap   total 98304K, used 83865K [0x0000000080000000, 0x0000000100000000)
  region size 1024K, 21 young (21504K), 2 survivors (2048K)
 Metaspace       used 79262K, capacity 81122K, committed 81228K, reserved 1120256K
  class space    used 10300K, capacity 10996K, committed 11084K, reserved 1048576K
}
Event: 32.625 GC heap after
{Heap after GC invocations=33 (full 0):
 garbage-first heap   total 98304K, used 66003K [0x0000000080000000, 0x0000000100000000)
  region size 1024K, 3 young (3072K), 3 survivors (3072K)
 Metaspace       used 79262K, capacity 81122K, committed 81228K, reserved 1120256K
  class space    used 10300K, capacity 10996K, committed 11084K, reserved 1048576K
}
Event: 32.980 GC heap before
{Heap before GC invocations=33 (full 0):
 garbage-first heap   total 98304K, used 83411K [0x0000000080000000, 0x0000000100000000)
  region size 1024K, 20 young (20480K), 3 survivors (3072K)
 Metaspace       used 79932K, capacity 81819K, committed 82124K, reserved 1120256K
  class space    used 10384K, capacity 11076K, committed 11212K, reserved 1048576K
}
Event: 32.987 GC heap after
{Heap after GC invocations=34 (full 0):
 garbage-first heap   total 98304K, used 67610K [0x0000000080000000, 0x0000000100000000)
  region size 1024K, 3 young (3072K), 3 survivors (3072K)
 Metaspace       used 79932K, capacity 81819K, committed 82124K, reserved 1120256K
  class space    used 10384K, capacity 11076K, committed 11212K, reserved 1048576K
}

