# JRE version: OpenJDK Runtime Environment (11.0.11+9) (build 11.0.11+9-b60-7590822)
# Java VM: OpenJDK 64-Bit Server VM (11.0.11+9-b60-7590822, mixed mode, tiered, compressed oops, g1 gc, windows-amd64)
Heap:
 garbage-first heap   total 143360K, used 72434K [0x0000000080000000, 0x0000000100000000)
  region size 1024K, 6 young (6144K), 2 survivors (2048K)
 Metaspace       used 53520K, capacity 55165K, committed 55296K, reserved 1097728K
  class space    used 6840K, capacity 7355K, committed 7424K, reserved 1048576K
GC Heap History (20 events):
Event: 6.438 GC heap before
{Heap before GC invocations=5 (full 0):
 garbage-first heap   total 98304K, used 74902K [0x0000000080000000, 0x0000000100000000)
  region size 1024K, 51 young (52224K), 4 survivors (4096K)
 Metaspace       used 29445K, capacity 30295K, committed 30464K, reserved 1075200K
  class space    used 3932K, capacity 4247K, committed 4352K, reserved 1048576K
}
Event: 6.447 GC heap after
{Heap after GC invocations=6 (full 0):
 garbage-first heap   total 98304K, used 32700K [0x0000000080000000, 0x0000000100000000)
  region size 1024K, 7 young (7168K), 7 survivors (7168K)
 Metaspace       used 29445K, capacity 30295K, committed 30464K, reserved 1075200K
  class space    used 3932K, capacity 4247K, committed 4352K, reserved 1048576K
}
Event: 7.415 GC heap before
{Heap before GC invocations=6 (full 0):
 garbage-first heap   total 98304K, used 62396K [0x0000000080000000, 0x0000000100000000)
  region size 1024K, 37 young (37888K), 7 survivors (7168K)
 Metaspace       used 34717K, capacity 35712K, committed 35840K, reserved 1081344K
  class space    used 4554K, capacity 4926K, committed 4992K, reserved 1048576K
}
Event: 7.436 GC heap after
{Heap after GC invocations=7 (full 0):
 garbage-first heap   total 98304K, used 35105K [0x0000000080000000, 0x0000000100000000)
  region size 1024K, 3 young (3072K), 3 survivors (3072K)
 Metaspace       used 34717K, capacity 35712K, committed 35840K, reserved 1081344K
  class space    used 4554K, capacity 4926K, committed 4992K, reserved 1048576K
}
Event: 8.124 GC heap before
{Heap before GC invocations=8 (full 0):
 garbage-first heap   total 98304K, used 70945K [0x0000000080000000, 0x0000000100000000)
  region size 1024K, 39 young (39936K), 3 survivors (3072K)
 Metaspace       used 38503K, capacity 39574K, committed 39808K, reserved 1083392K
  class space    used 4990K, capacity 5399K, committed 5504K, reserved 1048576K
}
Event: 8.135 GC heap after
{Heap after GC invocations=9 (full 0):
 garbage-first heap   total 118784K, used 38518K [0x0000000080000000, 0x0000000100000000)
  region size 1024K, 5 young (5120K), 5 survivors (5120K)
 Metaspace       used 38503K, capacity 39574K, committed 39808K, reserved 1083392K
  class space    used 4990K, capacity 5399K, committed 5504K, reserved 1048576K
}
Event: 9.476 GC heap before
{Heap before GC invocations=10 (full 0):
 garbage-first heap   total 118784K, used 89718K [0x0000000080000000, 0x0000000100000000)
  region size 1024K, 50 young (51200K), 5 survivors (5120K)
 Metaspace       used 42874K, capacity 44027K, committed 44160K, reserved 1087488K
  class space    used 5502K, capacity 5918K, committed 6016K, reserved 1048576K
}
Event: 9.487 GC heap after
{Heap after GC invocations=11 (full 0):
 garbage-first heap   total 118784K, used 45274K [0x0000000080000000, 0x0000000100000000)
  region size 1024K, 7 young (7168K), 7 survivors (7168K)
 Metaspace       used 42874K, capacity 44027K, committed 44160K, reserved 1087488K
  class space    used 5502K, capacity 5918K, committed 6016K, reserved 1048576K
}
Event: 10.318 GC heap before
{Heap before GC invocations=11 (full 0):
 garbage-first heap   total 118784K, used 88282K [0x0000000080000000, 0x0000000100000000)
  region size 1024K, 49 young (50176K), 7 survivors (7168K)
 Metaspace       used 45563K, capacity 46905K, committed 47232K, reserved 1089536K
  class space    used 5743K, capacity 6187K, committed 6272K, reserved 1048576K
}
Event: 10.328 GC heap after
{Heap after GC invocations=12 (full 0):
 garbage-first heap   total 118784K, used 48889K [0x0000000080000000, 0x0000000100000000)
  region size 1024K, 7 young (7168K), 7 survivors (7168K)
 Metaspace       used 45563K, capacity 46905K, committed 47232K, reserved 1089536K
  class space    used 5743K, capacity 6187K, committed 6272K, reserved 1048576K
}
Event: 11.101 GC heap before
{Heap before GC invocations=12 (full 0):
 garbage-first heap   total 118784K, used 94969K [0x0000000080000000, 0x0000000100000000)
  region size 1024K, 48 young (49152K), 7 survivors (7168K)
 Metaspace       used 48082K, capacity 49497K, committed 49664K, reserved 1091584K
  class space    used 6163K, capacity 6649K, committed 6656K, reserved 1048576K
}
Event: 11.111 GC heap after
{Heap after GC invocations=13 (full 0):
 garbage-first heap   total 118784K, used 55958K [0x0000000080000000, 0x0000000100000000)
  region size 1024K, 4 young (4096K), 4 survivors (4096K)
 Metaspace       used 48082K, capacity 49497K, committed 49664K, reserved 1091584K
  class space    used 6163K, capacity 6649K, committed 6656K, reserved 1048576K
}
Event: 12.021 GC heap before
{Heap before GC invocations=13 (full 0):
 garbage-first heap   total 118784K, used 93846K [0x0000000080000000, 0x0000000100000000)
  region size 1024K, 41 young (41984K), 4 survivors (4096K)
 Metaspace       used 50256K, capacity 51838K, committed 52096K, reserved 1093632K
  class space    used 6440K, capacity 6935K, committed 7040K, reserved 1048576K
}
Event: 12.030 GC heap after
{Heap after GC invocations=14 (full 0):
 garbage-first heap   total 118784K, used 57555K [0x0000000080000000, 0x0000000100000000)
  region size 1024K, 5 young (5120K), 5 survivors (5120K)
 Metaspace       used 50256K, capacity 51838K, committed 52096K, reserved 1093632K
  class space    used 6440K, capacity 6935K, committed 7040K, reserved 1048576K
}
Event: 12.402 GC heap before
{Heap before GC invocations=14 (full 0):
 garbage-first heap   total 118784K, used 72915K [0x0000000080000000, 0x0000000100000000)
  region size 1024K, 22 young (22528K), 5 survivors (5120K)
 Metaspace       used 50634K, capacity 52235K, committed 52352K, reserved 1095680K
  class space    used 6473K, capacity 6975K, committed 7040K, reserved 1048576K
}
Event: 12.418 GC heap after
{Heap after GC invocations=15 (full 0):
 garbage-first heap   total 118784K, used 58199K [0x0000000080000000, 0x0000000100000000)
  region size 1024K, 3 young (3072K), 3 survivors (3072K)
 Metaspace       used 50634K, capacity 52235K, committed 52352K, reserved 1095680K
  class space    used 6473K, capacity 6975K, committed 7040K, reserved 1048576K
}
Event: 12.553 GC heap before
{Heap before GC invocations=16 (full 0):
 garbage-first heap   total 118784K, used 66391K [0x0000000080000000, 0x0000000100000000)
  region size 1024K, 9 young (9216K), 3 survivors (3072K)
 Metaspace       used 50645K, capacity 52235K, committed 52352K, reserved 1095680K
  class space    used 6473K, capacity 6975K, committed 7040K, reserved 1048576K
}
Event: 12.562 GC heap after
{Heap after GC invocations=17 (full 0):
 garbage-first heap   total 118784K, used 65498K [0x0000000080000000, 0x0000000100000000)
  region size 1024K, 5 young (5120K), 5 survivors (5120K)
 Metaspace       used 50645K, capacity 52235K, committed 52352K, reserved 1095680K
  class space    used 6473K, capacity 6975K, committed 7040K, reserved 1048576K
}
Event: 13.066 GC heap before
{Heap before GC invocations=18 (full 0):
 garbage-first heap   total 118784K, used 90074K [0x0000000080000000, 0x0000000100000000)
  region size 1024K, 27 young (27648K), 5 survivors (5120K)
 Metaspace       used 52964K, capacity 54576K, committed 54656K, reserved 1097728K
  class space    used 6772K, capacity 7288K, committed 7296K, reserved 1048576K
}
Event: 13.074 GC heap after
{Heap after GC invocations=19 (full 0):
 garbage-first heap   total 143360K, used 69362K [0x0000000080000000, 0x0000000100000000)
  region size 1024K, 2 young (2048K), 2 survivors (2048K)
 Metaspace       used 52964K, capacity 54576K, committed 54656K, reserved 1097728K
  class space    used 6772K, capacity 7288K, committed 7296K, reserved 1048576K
}

