# JRE version: OpenJDK Runtime Environment (11.0.13) (build 11.0.13+0-b1751.21-8125866)
# Java VM: OpenJDK 64-Bit Server VM (11.0.13+0-b1751.21-8125866, mixed mode, tiered, compressed oops, g1 gc, windows-amd64)
Heap:
 garbage-first heap   total 206848K, used 70204K [0x0000000080000000, 0x0000000100000000)
  region size 1024K, 22 young (22528K), 9 survivors (9216K)
 Metaspace       used 66866K, capacity 68470K, committed 68616K, reserved 1110016K
  class space    used 8290K, capacity 8878K, committed 8960K, reserved 1048576K
GC Heap History (20 events):
Event: 24.017 GC heap before
{Heap before GC invocations=40 (full 0):
 garbage-first heap   total 206848K, used 162590K [0x0000000080000000, 0x0000000100000000)
  region size 1024K, 121 young (123904K), 4 survivors (4096K)
 Metaspace       used 48709K, capacity 49919K, committed 50128K, reserved 1093632K
  class space    used 6069K, capacity 6505K, committed 6528K, reserved 1048576K
}
Event: 24.022 GC heap after
{Heap after GC invocations=41 (full 0):
 garbage-first heap   total 206848K, used 44025K [0x0000000080000000, 0x0000000100000000)
  region size 1024K, 6 young (6144K), 6 survivors (6144K)
 Metaspace       used 48709K, capacity 49919K, committed 50128K, reserved 1093632K
  class space    used 6069K, capacity 6505K, committed 6528K, reserved 1048576K
}
Event: 24.378 GC heap before
{Heap before GC invocations=41 (full 0):
 garbage-first heap   total 206848K, used 160761K [0x0000000080000000, 0x0000000100000000)
  region size 1024K, 122 young (124928K), 6 survivors (6144K)
 Metaspace       used 48713K, capacity 49919K, committed 50128K, reserved 1093632K
  class space    used 6069K, capacity 6505K, committed 6528K, reserved 1048576K
}
Event: 24.382 GC heap after
{Heap after GC invocations=42 (full 0):
 garbage-first heap   total 206848K, used 41577K [0x0000000080000000, 0x0000000100000000)
  region size 1024K, 4 young (4096K), 4 survivors (4096K)
 Metaspace       used 48713K, capacity 49919K, committed 50128K, reserved 1093632K
  class space    used 6069K, capacity 6505K, committed 6528K, reserved 1048576K
}
Event: 24.611 GC heap before
{Heap before GC invocations=42 (full 0):
 garbage-first heap   total 206848K, used 160361K [0x0000000080000000, 0x0000000100000000)
  region size 1024K, 121 young (123904K), 4 survivors (4096K)
 Metaspace       used 48714K, capacity 49919K, committed 50128K, reserved 1093632K
  class space    used 6069K, capacity 6505K, committed 6528K, reserved 1048576K
}
Event: 24.616 GC heap after
{Heap after GC invocations=43 (full 0):
 garbage-first heap   total 206848K, used 41808K [0x0000000080000000, 0x0000000100000000)
  region size 1024K, 4 young (4096K), 4 survivors (4096K)
 Metaspace       used 48714K, capacity 49919K, committed 50128K, reserved 1093632K
  class space    used 6069K, capacity 6505K, committed 6528K, reserved 1048576K
}
Event: 25.089 GC heap before
{Heap before GC invocations=43 (full 0):
 garbage-first heap   total 206848K, used 161616K [0x0000000080000000, 0x0000000100000000)
  region size 1024K, 121 young (123904K), 4 survivors (4096K)
 Metaspace       used 48716K, capacity 49919K, committed 50128K, reserved 1093632K
  class space    used 6069K, capacity 6505K, committed 6528K, reserved 1048576K
}
Event: 25.091 GC heap after
{Heap after GC invocations=44 (full 0):
 garbage-first heap   total 206848K, used 38922K [0x0000000080000000, 0x0000000100000000)
  region size 1024K, 2 young (2048K), 2 survivors (2048K)
 Metaspace       used 48716K, capacity 49919K, committed 50128K, reserved 1093632K
  class space    used 6069K, capacity 6505K, committed 6528K, reserved 1048576K
}
Event: 25.956 GC heap before
{Heap before GC invocations=44 (full 0):
 garbage-first heap   total 206848K, used 160778K [0x0000000080000000, 0x0000000100000000)
  region size 1024K, 121 young (123904K), 2 survivors (2048K)
 Metaspace       used 48716K, capacity 49919K, committed 50128K, reserved 1093632K
  class space    used 6069K, capacity 6505K, committed 6528K, reserved 1048576K
}
Event: 25.959 GC heap after
{Heap after GC invocations=45 (full 0):
 garbage-first heap   total 206848K, used 39488K [0x0000000080000000, 0x0000000100000000)
  region size 1024K, 3 young (3072K), 3 survivors (3072K)
 Metaspace       used 48716K, capacity 49919K, committed 50128K, reserved 1093632K
  class space    used 6069K, capacity 6505K, committed 6528K, reserved 1048576K
}
Event: 27.230 GC heap before
{Heap before GC invocations=45 (full 0):
 garbage-first heap   total 206848K, used 160320K [0x0000000080000000, 0x0000000100000000)
  region size 1024K, 121 young (123904K), 3 survivors (3072K)
 Metaspace       used 48718K, capacity 49983K, committed 50128K, reserved 1093632K
  class space    used 6069K, capacity 6505K, committed 6528K, reserved 1048576K
}
Event: 27.233 GC heap after
{Heap after GC invocations=46 (full 0):
 garbage-first heap   total 206848K, used 40429K [0x0000000080000000, 0x0000000100000000)
  region size 1024K, 4 young (4096K), 4 survivors (4096K)
 Metaspace       used 48718K, capacity 49983K, committed 50128K, reserved 1093632K
  class space    used 6069K, capacity 6505K, committed 6528K, reserved 1048576K
}
Event: 27.799 GC heap before
{Heap before GC invocations=46 (full 0):
 garbage-first heap   total 206848K, used 160237K [0x0000000080000000, 0x0000000100000000)
  region size 1024K, 121 young (123904K), 4 survivors (4096K)
 Metaspace       used 48718K, capacity 49983K, committed 50128K, reserved 1093632K
  class space    used 6069K, capacity 6505K, committed 6528K, reserved 1048576K
}
Event: 27.802 GC heap after
{Heap after GC invocations=47 (full 0):
 garbage-first heap   total 206848K, used 41035K [0x0000000080000000, 0x0000000100000000)
  region size 1024K, 4 young (4096K), 4 survivors (4096K)
 Metaspace       used 48718K, capacity 49983K, committed 50128K, reserved 1093632K
  class space    used 6069K, capacity 6505K, committed 6528K, reserved 1048576K
}
Event: 29.211 GC heap before
{Heap before GC invocations=47 (full 0):
 garbage-first heap   total 206848K, used 160843K [0x0000000080000000, 0x0000000100000000)
  region size 1024K, 121 young (123904K), 4 survivors (4096K)
 Metaspace       used 48766K, capacity 50062K, committed 50128K, reserved 1093632K
  class space    used 6074K, capacity 6510K, committed 6528K, reserved 1048576K
}
Event: 29.212 GC heap after
{Heap after GC invocations=48 (full 0):
 garbage-first heap   total 206848K, used 36081K [0x0000000080000000, 0x0000000100000000)
  region size 1024K, 1 young (1024K), 1 survivors (1024K)
 Metaspace       used 48766K, capacity 50062K, committed 50128K, reserved 1093632K
  class space    used 6074K, capacity 6510K, committed 6528K, reserved 1048576K
}
Event: 31.615 GC heap before
{Heap before GC invocations=48 (full 0):
 garbage-first heap   total 206848K, used 127217K [0x0000000080000000, 0x0000000100000000)
  region size 1024K, 87 young (89088K), 1 survivors (1024K)
 Metaspace       used 58795K, capacity 60138K, committed 60296K, reserved 1101824K
  class space    used 7250K, capacity 7737K, committed 7808K, reserved 1048576K
}
Event: 31.631 GC heap after
{Heap after GC invocations=49 (full 0):
 garbage-first heap   total 206848K, used 49749K [0x0000000080000000, 0x0000000100000000)
  region size 1024K, 10 young (10240K), 10 survivors (10240K)
 Metaspace       used 58795K, capacity 60138K, committed 60296K, reserved 1101824K
  class space    used 7250K, capacity 7737K, committed 7808K, reserved 1048576K
}
Event: 33.514 GC heap before
{Heap before GC invocations=50 (full 0):
 garbage-first heap   total 206848K, used 159317K [0x0000000080000000, 0x0000000100000000)
  region size 1024K, 117 young (119808K), 10 survivors (10240K)
 Metaspace       used 66638K, capacity 68289K, committed 68616K, reserved 1110016K
  class space    used 8268K, capacity 8841K, committed 8960K, reserved 1048576K
}
Event: 33.528 GC heap after
{Heap after GC invocations=51 (full 0):
 garbage-first heap   total 206848K, used 57916K [0x0000000080000000, 0x0000000100000000)
  region size 1024K, 9 young (9216K), 9 survivors (9216K)
 Metaspace       used 66638K, capacity 68289K, committed 68616K, reserved 1110016K
  class space    used 8268K, capacity 8841K, committed 8960K, reserved 1048576K
}

